<?xml version="1.0" encoding="UTF-8" ?>
<testsuite errors="0" failures="0" hostname="massakra-K52JU" name="stuff.PawnTest" skipped="0" tests="7" time="0.411" timestamp="2014-12-09T15:13:36">
  <properties>
[...]
</properties>
  <testcase classname="stuff.PawnTest" name="startCoordinates" time="0.013" />
  <testcase classname="stuff.PawnTest" name="moveFollow" time="0.001" />
  <testcase classname="stuff.PawnTest" name="moveDiagonalWrong" time="0.001" />
  <testcase classname="stuff.PawnTest" name="moveBackWrong" time="0.0" />
  <testcase classname="stuff.PawnTest" name="moveTwoCellOnlyAtFirstTime" time="0.001" />
  <testcase classname="stuff.PawnTest" name="attack" time="0.001" />
  <testcase classname="stuff.PawnTest" name="attackBackWrong" time="0.001" />
  <system-out><![CDATA[Figure can not attack to this cell!
]]></system-out>
  <system-err><![CDATA[]]></system-err>
</testsuite>
